<?xml version="1.0" encoding="UTF-8"?>
<!-- Generated by org.testng.reporters.JUnitReportReporter -->
<testsuite skipped="0" hostname="Vikkyaradhya" name="runner.TestRunner" tests="1" failures="0" timestamp="15 Aug 2018 16:38:21 GMT" time="28.621" errors="0">
  <testcase name="feature" time="28.621" classname="runner.TestRunner"/>
</testsuite> <!-- runner.TestRunner -->
